<?xml version="1.0" encoding="UTF-8"?>
<TestRun id="70f373ab-51bf-4341-a74a-cc2b7fe61aac" name="27Oct2014" xmlns="http://microsoft.com/schemas/VisualStudio/TeamTest/2010">
  <ResultSummary outcome="Failed">
    <Counters total="1" executed="1" passed="0" error="0" failed="1" timeout="0" aborted="0" inconclusive="0" passedButRunAborted="0" notRunnable="0" notExecuted="0" disconnected="0" warning="0" completed="0" inProgress="0" pending="0" />
  </ResultSummary>
  <TestDefinitions>
    <GenericTest name="HELLO.BothDiff" id="9f1d7fdf-b17b-4b0c-a6b6-bbe3cb8440c5">
      <Description>Test where both output and errors differ</Description>
      <Execution id="37c3f19e-5d85-4e9d-89da-8ff3a7e2dd94" />
    </GenericTest>
  </TestDefinitions>
  <TestLists>
    <TestList name="Results Not in a List" id="8c84fa94-04c1-424b-9868-57a2d4851a1d" />
    <TestList name="All Loaded Results" id="19431567-8539-422a-85d7-44ee4e166bda" />
  </TestLists>
  <TestEntries>
    <TestEntry testId="9f1d7fdf-b17b-4b0c-a6b6-bbe3cb8440c5" executionId="37c3f19e-5d85-4e9d-89da-8ff3a7e2dd94" testListId="8c84fa94-04c1-424b-9868-57a2d4851a1d" />
  </TestEntries>
  <Results>
    <GenericTestResult testId="9f1d7fdf-b17b-4b0c-a6b6-bbe3cb8440c5" testName="HELLO.BothDiff" executionId="37c3f19e-5d85-4e9d-89da-8ff3a7e2dd94" computerName="SE-R90THDWB" startTime="2014-10-27T10:31:30.817322" endTime="2014-10-27T10:31:30.817322" duration="0:00:00" testType="13cdc9d9-ddb5-4fa4-a97d-d965ccfc6d4b" outcome="Failed" testListId="8c84fa94-04c1-424b-9868-57a2d4851a1d">
      <Output>
        <StdOut>
---------- Differences in errors ----------&#xA;&#xD;
0a1&#xA;&#xD;
&gt; Error text&#xA;&#xD;
---------- Differences in output ----------&#xA;&#xD;
0a1&#xA;&#xD;
&gt; Hello World!&#xA;&#xD;

        </StdOut>
        <ErrorInfo>
          <Message>

          </Message>
          <StackTrace>

          </StackTrace>
        </ErrorInfo>
      </Output>
    </GenericTestResult>
  </Results>
</TestRun>
